[2020-04-11 02:31:01] local.ERROR: Connection could not be established with host smtp.mailtrap.io :stream_socket_client(): unable to connect to smtp.mailtrap.io:2525 (Operation timed out) {"exception":"[object] (Swift_TransportException(code: 0): Connection could not be established with host smtp.mailtrap.io :stream_socket_client(): unable to connect to smtp.mailtrap.io:2525 (Operation timed out) at /Users/raymond/Documents/my-works/ray-wallet-api/vendor/swiftmailer/swiftmailer/lib/classes/Swift/Transport/StreamBuffer.php:269)
[stacktrace]
#0 [internal function]: Swift_Transport_StreamBuffer->{closure}(2, 'stream_socket_c...', '/Users/raymond/...', 272, Array)
#1 /Users/raymond/Documents/my-works/ray-wallet-api/vendor/swiftmailer/swiftmailer/lib/classes/Swift/Transport/StreamBuffer.php(272): stream_socket_client('smtp.mailtrap.i...', 60, 'Operation timed...', 30, 4, Resource id #18)
#2 /Users/raymond/Documents/my-works/ray-wallet-api/vendor/swiftmailer/swiftmailer/lib/classes/Swift/Transport/StreamBuffer.php(58): Swift_Transport_StreamBuffer->establishSocketConnection()
#3 /Users/raymond/Documents/my-works/ray-wallet-api/vendor/swiftmailer/swiftmailer/lib/classes/Swift/Transport/AbstractSmtpTransport.php(143): Swift_Transport_StreamBuffer->initialize(Array)
#4 /Users/raymond/Documents/my-works/ray-wallet-api/vendor/swiftmailer/swiftmailer/lib/classes/Swift/Mailer.php(65): Swift_Transport_AbstractSmtpTransport->start()
#5 /Users/raymond/Documents/my-works/ray-wallet-api/vendor/laravel/framework/src/Illuminate/Mail/Mailer.php(486): Swift_Mailer->send(Object(Swift_Message), Array)
#6 /Users/raymond/Documents/my-works/ray-wallet-api/vendor/laravel/framework/src/Illuminate/Mail/Mailer.php(261): Illuminate\\Mail\\Mailer->sendSwiftMessage(Object(Swift_Message))
#7 /Users/raymond/Documents/my-works/ray-wallet-api/vendor/laravel/framework/src/Illuminate/Mail/Mailable.php(159): Illuminate\\Mail\\Mailer->send('emails.confirmM...', Array, Object(Closure))
#8 /Users/raymond/Documents/my-works/ray-wallet-api/vendor/laravel/framework/src/Illuminate/Support/Traits/Localizable.php(19): Illuminate\\Mail\\Mailable->Illuminate\\Mail\\{closure}()
#9 /Users/raymond/Documents/my-works/ray-wallet-api/vendor/laravel/framework/src/Illuminate/Mail/Mailable.php(160): Illuminate\\Mail\\Mailable->withLocale(NULL, Object(Closure))
#10 /Users/raymond/Documents/my-works/ray-wallet-api/vendor/laravel/framework/src/Illuminate/Mail/SendQueuedMailable.php(52): Illuminate\\Mail\\Mailable->send(Object(Illuminate\\Mail\\Mailer))
#11 [internal function]: Illuminate\\Mail\\SendQueuedMailable->handle(Object(Illuminate\\Mail\\Mailer))
#12 /Users/raymond/Documents/my-works/ray-wallet-api/vendor/laravel/framework/src/Illuminate/Container/BoundMethod.php(32): call_user_func_array(Array, Array)
#13 /Users/raymond/Documents/my-works/ray-wallet-api/vendor/laravel/framework/src/Illuminate/Container/Util.php(36): Illuminate\\Container\\BoundMethod::Illuminate\\Container\\{closure}()
#14 /Users/raymond/Documents/my-works/ray-wallet-api/vendor/laravel/framework/src/Illuminate/Container/BoundMethod.php(90): Illuminate\\Container\\Util::unwrapIfClosure(Object(Closure))
#15 /Users/raymond/Documents/my-works/ray-wallet-api/vendor/laravel/framework/src/Illuminate/Container/BoundMethod.php(34): Illuminate\\Container\\BoundMethod::callBoundMethod(Object(Illuminate\\Foundation\\Application), Array, Object(Closure))
#16 /Users/raymond/Documents/my-works/ray-wallet-api/vendor/laravel/framework/src/Illuminate/Container/Container.php(590): Illuminate\\Container\\BoundMethod::call(Object(Illuminate\\Foundation\\Application), Array, Array, NULL)
#17 /Users/raymond/Documents/my-works/ray-wallet-api/vendor/laravel/framework/src/Illuminate/Bus/Dispatcher.php(94): Illuminate\\Container\\Container->call(Array)
#18 /Users/raymond/Documents/my-works/ray-wallet-api/vendor/laravel/framework/src/Illuminate/Pipeline/Pipeline.php(130): Illuminate\\Bus\\Dispatcher->Illuminate\\Bus\\{closure}(Object(Illuminate\\Mail\\SendQueuedMailable))
#19 /Users/raymond/Documents/my-works/ray-wallet-api/vendor/laravel/framework/src/Illuminate/Pipeline/Pipeline.php(105): Illuminate\\Pipeline\\Pipeline->Illuminate\\Pipeline\\{closure}(Object(Illuminate\\Mail\\SendQueuedMailable))
#20 /Users/raymond/Documents/my-works/ray-wallet-api/vendor/laravel/framework/src/Illuminate/Bus/Dispatcher.php(98): Illuminate\\Pipeline\\Pipeline->then(Object(Closure))
#21 /Users/raymond/Documents/my-works/ray-wallet-api/vendor/laravel/framework/src/Illuminate/Queue/CallQueuedHandler.php(83): Illuminate\\Bus\\Dispatcher->dispatchNow(Object(Illuminate\\Mail\\SendQueuedMailable), false)
#22 /Users/raymond/Documents/my-works/ray-wallet-api/vendor/laravel/framework/src/Illuminate/Pipeline/Pipeline.php(130): Illuminate\\Queue\\CallQueuedHandler->Illuminate\\Queue\\{closure}(Object(Illuminate\\Mail\\SendQueuedMailable))
#23 /Users/raymond/Documents/my-works/ray-wallet-api/vendor/laravel/framework/src/Illuminate/Pipeline/Pipeline.php(105): Illuminate\\Pipeline\\Pipeline->Illuminate\\Pipeline\\{closure}(Object(Illuminate\\Mail\\SendQueuedMailable))
#24 /Users/raymond/Documents/my-works/ray-wallet-api/vendor/laravel/framework/src/Illuminate/Queue/CallQueuedHandler.php(85): Illuminate\\Pipeline\\Pipeline->then(Object(Closure))
#25 /Users/raymond/Documents/my-works/ray-wallet-api/vendor/laravel/framework/src/Illuminate/Queue/CallQueuedHandler.php(59): Illuminate\\Queue\\CallQueuedHandler->dispatchThroughMiddleware(Object(Illuminate\\Queue\\Jobs\\SyncJob), Object(Illuminate\\Mail\\SendQueuedMailable))
#26 /Users/raymond/Documents/my-works/ray-wallet-api/vendor/laravel/framework/src/Illuminate/Queue/Jobs/Job.php(88): Illuminate\\Queue\\CallQueuedHandler->call(Object(Illuminate\\Queue\\Jobs\\SyncJob), Array)
#27 /Users/raymond/Documents/my-works/ray-wallet-api/vendor/laravel/framework/src/Illuminate/Queue/SyncQueue.php(45): Illuminate\\Queue\\Jobs\\Job->fire()
#28 /Users/raymond/Documents/my-works/ray-wallet-api/vendor/laravel/framework/src/Illuminate/Queue/Queue.php(44): Illuminate\\Queue\\SyncQueue->push(Object(Illuminate\\Mail\\SendQueuedMailable), '', NULL)
#29 /Users/raymond/Documents/my-works/ray-wallet-api/vendor/laravel/framework/src/Illuminate/Mail/Mailable.php(180): Illuminate\\Queue\\Queue->pushOn(NULL, Object(Illuminate\\Mail\\SendQueuedMailable))
#30 /Users/raymond/Documents/my-works/ray-wallet-api/vendor/laravel/framework/src/Illuminate/Mail/Mailer.php(276): Illuminate\\Mail\\Mailable->queue(Object(Illuminate\\Queue\\QueueManager))
#31 /Users/raymond/Documents/my-works/ray-wallet-api/vendor/laravel/framework/src/Illuminate/Mail/Mailer.php(231): Illuminate\\Mail\\Mailer->sendMailable(Object(App\\Mail\\ConfirmEmail))
#32 /Users/raymond/Documents/my-works/ray-wallet-api/vendor/laravel/framework/src/Illuminate/Support/Facades/Facade.php(261): Illuminate\\Mail\\Mailer->send(Object(App\\Mail\\ConfirmEmail))
#33 /Users/raymond/Documents/my-works/ray-wallet-api/app/Listeners/SendVerificationEmail.php(33): Illuminate\\Support\\Facades\\Facade::__callStatic('send', Array)
#34 [internal function]: App\\Listeners\\SendVerificationEmail->handle(Object(App\\Events\\VerificationEmail))
#35 /Users/raymond/Documents/my-works/ray-wallet-api/vendor/laravel/framework/src/Illuminate/Events/Dispatcher.php(366): call_user_func_array(Array, Array)
#36 /Users/raymond/Documents/my-works/ray-wallet-api/vendor/laravel/framework/src/Illuminate/Events/Dispatcher.php(196): Illuminate\\Events\\Dispatcher->Illuminate\\Events\\{closure}('App\\\\Events\\\\Veri...', Array)
#37 /Users/raymond/Documents/my-works/ray-wallet-api/vendor/laravel/framework/src/Illuminate/Foundation/helpers.php(482): Illuminate\\Events\\Dispatcher->dispatch('App\\\\Events\\\\Veri...')
#38 /Users/raymond/Documents/my-works/ray-wallet-api/app/Jobs/EmailVerification.php(36): event(Object(App\\Events\\VerificationEmail))
#39 [internal function]: App\\Jobs\\EmailVerification->handle()
#40 /Users/raymond/Documents/my-works/ray-wallet-api/vendor/laravel/framework/src/Illuminate/Container/BoundMethod.php(32): call_user_func_array(Array, Array)
#41 /Users/raymond/Documents/my-works/ray-wallet-api/vendor/laravel/framework/src/Illuminate/Container/Util.php(36): Illuminate\\Container\\BoundMethod::Illuminate\\Container\\{closure}()
#42 /Users/raymond/Documents/my-works/ray-wallet-api/vendor/laravel/framework/src/Illuminate/Container/BoundMethod.php(90): Illuminate\\Container\\Util::unwrapIfClosure(Object(Closure))
#43 /Users/raymond/Documents/my-works/ray-wallet-api/vendor/laravel/framework/src/Illuminate/Container/BoundMethod.php(34): Illuminate\\Container\\BoundMethod::callBoundMethod(Object(Illuminate\\Foundation\\Application), Array, Object(Closure))
#44 /Users/raymond/Documents/my-works/ray-wallet-api/vendor/laravel/framework/src/Illuminate/Container/Container.php(590): Illuminate\\Container\\BoundMethod::call(Object(Illuminate\\Foundation\\Application), Array, Array, NULL)
#45 /Users/raymond/Documents/my-works/ray-wallet-api/vendor/laravel/framework/src/Illuminate/Bus/Dispatcher.php(94): Illuminate\\Container\\Container->call(Array)
#46 /Users/raymond/Documents/my-works/ray-wallet-api/vendor/laravel/framework/src/Illuminate/Pipeline/Pipeline.php(130): Illuminate\\Bus\\Dispatcher->Illuminate\\Bus\\{closure}(Object(App\\Jobs\\EmailVerification))
#47 /Users/raymond/Documents/my-works/ray-wallet-api/vendor/laravel/framework/src/Illuminate/Pipeline/Pipeline.php(105): Illuminate\\Pipeline\\Pipeline->Illuminate\\Pipeline\\{closure}(Object(App\\Jobs\\EmailVerification))
#48 /Users/raymond/Documents/my-works/ray-wallet-api/vendor/laravel/framework/src/Illuminate/Bus/Dispatcher.php(98): Illuminate\\Pipeline\\Pipeline->then(Object(Closure))
#49 /Users/raymond/Documents/my-works/ray-wallet-api/vendor/laravel/framework/src/Illuminate/Queue/CallQueuedHandler.php(83): Illuminate\\Bus\\Dispatcher->dispatchNow(Object(App\\Jobs\\EmailVerification), false)
#50 /Users/raymond/Documents/my-works/ray-wallet-api/vendor/laravel/framework/src/Illuminate/Pipeline/Pipeline.php(130): Illuminate\\Queue\\CallQueuedHandler->Illuminate\\Queue\\{closure}(Object(App\\Jobs\\EmailVerification))
#51 /Users/raymond/Documents/my-works/ray-wallet-api/vendor/laravel/framework/src/Illuminate/Pipeline/Pipeline.php(105): Illuminate\\Pipeline\\Pipeline->Illuminate\\Pipeline\\{closure}(Object(App\\Jobs\\EmailVerification))
#52 /Users/raymond/Documents/my-works/ray-wallet-api/vendor/laravel/framework/src/Illuminate/Queue/CallQueuedHandler.php(85): Illuminate\\Pipeline\\Pipeline->then(Object(Closure))
#53 /Users/raymond/Documents/my-works/ray-wallet-api/vendor/laravel/framework/src/Illuminate/Queue/CallQueuedHandler.php(59): Illuminate\\Queue\\CallQueuedHandler->dispatchThroughMiddleware(Object(Illuminate\\Queue\\Jobs\\SyncJob), Object(App\\Jobs\\EmailVerification))
#54 /Users/raymond/Documents/my-works/ray-wallet-api/vendor/laravel/framework/src/Illuminate/Queue/Jobs/Job.php(88): Illuminate\\Queue\\CallQueuedHandler->call(Object(Illuminate\\Queue\\Jobs\\SyncJob), Array)
#55 /Users/raymond/Documents/my-works/ray-wallet-api/vendor/laravel/framework/src/Illuminate/Queue/SyncQueue.php(45): Illuminate\\Queue\\Jobs\\Job->fire()
#56 /Users/raymond/Documents/my-works/ray-wallet-api/vendor/laravel/framework/src/Illuminate/Bus/Dispatcher.php(184): Illuminate\\Queue\\SyncQueue->push(Object(App\\Jobs\\EmailVerification))
#57 /Users/raymond/Documents/my-works/ray-wallet-api/vendor/laravel/framework/src/Illuminate/Bus/Dispatcher.php(160): Illuminate\\Bus\\Dispatcher->pushCommandToQueue(Object(Illuminate\\Queue\\SyncQueue), Object(App\\Jobs\\EmailVerification))
#58 /Users/raymond/Documents/my-works/ray-wallet-api/vendor/laravel/framework/src/Illuminate/Bus/Dispatcher.php(73): Illuminate\\Bus\\Dispatcher->dispatchToQueue(Object(App\\Jobs\\EmailVerification))
#59 /Users/raymond/Documents/my-works/ray-wallet-api/vendor/laravel/framework/src/Illuminate/Foundation/Bus/PendingDispatch.php(112): Illuminate\\Bus\\Dispatcher->dispatch(Object(App\\Jobs\\EmailVerification))
#60 /Users/raymond/Documents/my-works/ray-wallet-api/vendor/laravel/framework/src/Illuminate/Foundation/helpers.php(399): Illuminate\\Foundation\\Bus\\PendingDispatch->__destruct()
#61 /Users/raymond/Documents/my-works/ray-wallet-api/app/Http/Actions/AuthenticationAction.php(63): dispatch(Object(App\\Jobs\\EmailVerification))
#62 /Users/raymond/Documents/my-works/ray-wallet-api/app/Http/Controllers/Api/UsersController.php(19): App\\Http\\Actions\\AuthenticationAction->execute(Object(App\\Http\\Requests\\RegisterRequest))
#63 [internal function]: App\\Http\\Controllers\\Api\\UsersController->Register(Object(Illuminate\\Http\\Request))
#64 /Users/raymond/Documents/my-works/ray-wallet-api/vendor/laravel/framework/src/Illuminate/Routing/Controller.php(54): call_user_func_array(Array, Array)
#65 /Users/raymond/Documents/my-works/ray-wallet-api/vendor/laravel/framework/src/Illuminate/Routing/ControllerDispatcher.php(45): Illuminate\\Routing\\Controller->callAction('Register', Array)
#66 /Users/raymond/Documents/my-works/ray-wallet-api/vendor/laravel/framework/src/Illuminate/Routing/Route.php(219): Illuminate\\Routing\\ControllerDispatcher->dispatch(Object(Illuminate\\Routing\\Route), Object(App\\Http\\Controllers\\Api\\UsersController), 'Register')
#67 /Users/raymond/Documents/my-works/ray-wallet-api/vendor/laravel/framework/src/Illuminate/Routing/Route.php(176): Illuminate\\Routing\\Route->runController()
#68 /Users/raymond/Documents/my-works/ray-wallet-api/vendor/laravel/framework/src/Illuminate/Routing/Router.php(681): Illuminate\\Routing\\Route->run()
#69 /Users/raymond/Documents/my-works/ray-wallet-api/vendor/laravel/framework/src/Illuminate/Pipeline/Pipeline.php(130): Illuminate\\Routing\\Router->Illuminate\\Routing\\{closure}(Object(Illuminate\\Http\\Request))
#70 /Users/raymond/Documents/my-works/ray-wallet-api/app/Http/Middleware/Cors.php(11): Illuminate\\Pipeline\\Pipeline->Illuminate\\Pipeline\\{closure}(Object(Illuminate\\Http\\Request))
#71 /Users/raymond/Documents/my-works/ray-wallet-api/vendor/laravel/framework/src/Illuminate/Pipeline/Pipeline.php(171): App\\Http\\Middleware\\Cors->handle(Object(Illuminate\\Http\\Request), Object(Closure))
#72 /Users/raymond/Documents/my-works/ray-wallet-api/vendor/fruitcake/laravel-cors/src/HandleCors.php(31): Illuminate\\Pipeline\\Pipeline->Illuminate\\Pipeline\\{closure}(Object(Illuminate\\Http\\Request))
#73 /Users/raymond/Documents/my-works/ray-wallet-api/vendor/laravel/framework/src/Illuminate/Pipeline/Pipeline.php(171): Fruitcake\\Cors\\HandleCors->handle(Object(Illuminate\\Http\\Request), Object(Closure))
#74 /Users/raymond/Documents/my-works/ray-wallet-api/vendor/laravel/framework/src/Illuminate/Routing/Middleware/SubstituteBindings.php(41): Illuminate\\Pipeline\\Pipeline->Illuminate\\Pipeline\\{closure}(Object(Illuminate\\Http\\Request))
#75 /Users/raymond/Documents/my-works/ray-wallet-api/vendor/laravel/framework/src/Illuminate/Pipeline/Pipeline.php(171): Illuminate\\Routing\\Middleware\\SubstituteBindings->handle(Object(Illuminate\\Http\\Request), Object(Closure))
#76 /Users/raymond/Documents/my-works/ray-wallet-api/vendor/laravel/framework/src/Illuminate/Routing/Middleware/ThrottleRequests.php(59): Illuminate\\Pipeline\\Pipeline->Illuminate\\Pipeline\\{closure}(Object(Illuminate\\Http\\Request))
#77 /Users/raymond/Documents/my-works/ray-wallet-api/vendor/laravel/framework/src/Illuminate/Pipeline/Pipeline.php(171): Illuminate\\Routing\\Middleware\\ThrottleRequests->handle(Object(Illuminate\\Http\\Request), Object(Closure), 500, '1')
#78 /Users/raymond/Documents/my-works/ray-wallet-api/vendor/laravel/framework/src/Illuminate/Pipeline/Pipeline.php(105): Illuminate\\Pipeline\\Pipeline->Illuminate\\Pipeline\\{closure}(Object(Illuminate\\Http\\Request))
#79 /Users/raymond/Documents/my-works/ray-wallet-api/vendor/laravel/framework/src/Illuminate/Routing/Router.php(683): Illuminate\\Pipeline\\Pipeline->then(Object(Closure))
#80 /Users/raymond/Documents/my-works/ray-wallet-api/vendor/laravel/framework/src/Illuminate/Routing/Router.php(658): Illuminate\\Routing\\Router->runRouteWithinStack(Object(Illuminate\\Routing\\Route), Object(Illuminate\\Http\\Request))
#81 /Users/raymond/Documents/my-works/ray-wallet-api/vendor/laravel/framework/src/Illuminate/Routing/Router.php(624): Illuminate\\Routing\\Router->runRoute(Object(Illuminate\\Http\\Request), Object(Illuminate\\Routing\\Route))
#82 /Users/raymond/Documents/my-works/ray-wallet-api/vendor/laravel/framework/src/Illuminate/Routing/Router.php(613): Illuminate\\Routing\\Router->dispatchToRoute(Object(Illuminate\\Http\\Request))
#83 /Users/raymond/Documents/my-works/ray-wallet-api/vendor/laravel/framework/src/Illuminate/Foundation/Http/Kernel.php(170): Illuminate\\Routing\\Router->dispatch(Object(Illuminate\\Http\\Request))
#84 /Users/raymond/Documents/my-works/ray-wallet-api/vendor/laravel/framework/src/Illuminate/Pipeline/Pipeline.php(130): Illuminate\\Foundation\\Http\\Kernel->Illuminate\\Foundation\\Http\\{closure}(Object(Illuminate\\Http\\Request))
#85 /Users/raymond/Documents/my-works/ray-wallet-api/app/Http/Middleware/Cors.php(11): Illuminate\\Pipeline\\Pipeline->Illuminate\\Pipeline\\{closure}(Object(Illuminate\\Http\\Request))
#86 /Users/raymond/Documents/my-works/ray-wallet-api/vendor/laravel/framework/src/Illuminate/Pipeline/Pipeline.php(171): App\\Http\\Middleware\\Cors->handle(Object(Illuminate\\Http\\Request), Object(Closure))
#87 /Users/raymond/Documents/my-works/ray-wallet-api/vendor/fruitcake/laravel-cors/src/HandleCors.php(31): Illuminate\\Pipeline\\Pipeline->Illuminate\\Pipeline\\{closure}(Object(Illuminate\\Http\\Request))
#88 /Users/raymond/Documents/my-works/ray-wallet-api/vendor/laravel/framework/src/Illuminate/Pipeline/Pipeline.php(171): Fruitcake\\Cors\\HandleCors->handle(Object(Illuminate\\Http\\Request), Object(Closure))
#89 /Users/raymond/Documents/my-works/ray-wallet-api/vendor/laravel/framework/src/Illuminate/Foundation/Http/Middleware/TransformsRequest.php(21): Illuminate\\Pipeline\\Pipeline->Illuminate\\Pipeline\\{closure}(Object(Illuminate\\Http\\Request))
#90 /Users/raymond/Documents/my-works/ray-wallet-api/vendor/laravel/framework/src/Illuminate/Pipeline/Pipeline.php(171): Illuminate\\Foundation\\Http\\Middleware\\TransformsRequest->handle(Object(Illuminate\\Http\\Request), Object(Closure))
#91 /Users/raymond/Documents/my-works/ray-wallet-api/vendor/laravel/framework/src/Illuminate/Foundation/Http/Middleware/TransformsRequest.php(21): Illuminate\\Pipeline\\Pipeline->Illuminate\\Pipeline\\{closure}(Object(Illuminate\\Http\\Request))
#92 /Users/raymond/Documents/my-works/ray-wallet-api/vendor/laravel/framework/src/Illuminate/Pipeline/Pipeline.php(171): Illuminate\\Foundation\\Http\\Middleware\\TransformsRequest->handle(Object(Illuminate\\Http\\Request), Object(Closure))
#93 /Users/raymond/Documents/my-works/ray-wallet-api/vendor/laravel/framework/src/Illuminate/Foundation/Http/Middleware/ValidatePostSize.php(27): Illuminate\\Pipeline\\Pipeline->Illuminate\\Pipeline\\{closure}(Object(Illuminate\\Http\\Request))
#94 /Users/raymond/Documents/my-works/ray-wallet-api/vendor/laravel/framework/src/Illuminate/Pipeline/Pipeline.php(171): Illuminate\\Foundation\\Http\\Middleware\\ValidatePostSize->handle(Object(Illuminate\\Http\\Request), Object(Closure))
#95 /Users/raymond/Documents/my-works/ray-wallet-api/vendor/laravel/framework/src/Illuminate/Foundation/Http/Middleware/CheckForMaintenanceMode.php(63): Illuminate\\Pipeline\\Pipeline->Illuminate\\Pipeline\\{closure}(Object(Illuminate\\Http\\Request))
#96 /Users/raymond/Documents/my-works/ray-wallet-api/vendor/laravel/framework/src/Illuminate/Pipeline/Pipeline.php(171): Illuminate\\Foundation\\Http\\Middleware\\CheckForMaintenanceMode->handle(Object(Illuminate\\Http\\Request), Object(Closure))
#97 /Users/raymond/Documents/my-works/ray-wallet-api/vendor/fideloper/proxy/src/TrustProxies.php(57): Illuminate\\Pipeline\\Pipeline->Illuminate\\Pipeline\\{closure}(Object(Illuminate\\Http\\Request))
#98 /Users/raymond/Documents/my-works/ray-wallet-api/vendor/laravel/framework/src/Illuminate/Pipeline/Pipeline.php(171): Fideloper\\Proxy\\TrustProxies->handle(Object(Illuminate\\Http\\Request), Object(Closure))
#99 /Users/raymond/Documents/my-works/ray-wallet-api/vendor/laravel/framework/src/Illuminate/Pipeline/Pipeline.php(105): Illuminate\\Pipeline\\Pipeline->Illuminate\\Pipeline\\{closure}(Object(Illuminate\\Http\\Request))
#100 /Users/raymond/Documents/my-works/ray-wallet-api/vendor/laravel/framework/src/Illuminate/Foundation/Http/Kernel.php(145): Illuminate\\Pipeline\\Pipeline->then(Object(Closure))
#101 /Users/raymond/Documents/my-works/ray-wallet-api/vendor/laravel/framework/src/Illuminate/Foundation/Http/Kernel.php(110): Illuminate\\Foundation\\Http\\Kernel->sendRequestThroughRouter(Object(Illuminate\\Http\\Request))
#102 /Users/raymond/Documents/my-works/ray-wallet-api/public/index.php(55): Illuminate\\Foundation\\Http\\Kernel->handle(Object(Illuminate\\Http\\Request))
#103 /Users/raymond/.composer/vendor/laravel/valet/server.php(158): require('/Users/raymond/...')
#104 {main}
"} 
[2020-04-13 00:27:50] local.ERROR: Class 'App\Http\Actions\Skill' not found {"exception":"[object] (Symfony\\Component\\Debug\\Exception\\FatalThrowableError(code: 0): Class 'App\\Http\\Actions\\Skill' not found at /Users/raymond/Documents/my-works/ray-wallet-api/app/Http/Actions/CurriculumAction.php:69)
[stacktrace]
#0 /Users/raymond/Documents/my-works/ray-wallet-api/app/Http/Controllers/Api/ResumeController.php(30): App\\Http\\Actions\\CurriculumAction->skills(Object(App\\Http\\Requests\\SkillRequest))
#1 [internal function]: App\\Http\\Controllers\\Api\\ResumeController->PostSkills(Object(Illuminate\\Http\\Request))
#2 /Users/raymond/Documents/my-works/ray-wallet-api/vendor/laravel/framework/src/Illuminate/Routing/Controller.php(54): call_user_func_array(Array, Array)
#3 /Users/raymond/Documents/my-works/ray-wallet-api/vendor/laravel/framework/src/Illuminate/Routing/ControllerDispatcher.php(45): Illuminate\\Routing\\Controller->callAction('PostSkills', Array)
#4 /Users/raymond/Documents/my-works/ray-wallet-api/vendor/laravel/framework/src/Illuminate/Routing/Route.php(219): Illuminate\\Routing\\ControllerDispatcher->dispatch(Object(Illuminate\\Routing\\Route), Object(App\\Http\\Controllers\\Api\\ResumeController), 'PostSkills')
#5 /Users/raymond/Documents/my-works/ray-wallet-api/vendor/laravel/framework/src/Illuminate/Routing/Route.php(176): Illuminate\\Routing\\Route->runController()
#6 /Users/raymond/Documents/my-works/ray-wallet-api/vendor/laravel/framework/src/Illuminate/Routing/Router.php(681): Illuminate\\Routing\\Route->run()
#7 /Users/raymond/Documents/my-works/ray-wallet-api/vendor/laravel/framework/src/Illuminate/Pipeline/Pipeline.php(130): Illuminate\\Routing\\Router->Illuminate\\Routing\\{closure}(Object(Illuminate\\Http\\Request))
#8 /Users/raymond/Documents/my-works/ray-wallet-api/app/Http/Middleware/Cors.php(11): Illuminate\\Pipeline\\Pipeline->Illuminate\\Pipeline\\{closure}(Object(Illuminate\\Http\\Request))
#9 /Users/raymond/Documents/my-works/ray-wallet-api/vendor/laravel/framework/src/Illuminate/Pipeline/Pipeline.php(171): App\\Http\\Middleware\\Cors->handle(Object(Illuminate\\Http\\Request), Object(Closure))
#10 /Users/raymond/Documents/my-works/ray-wallet-api/vendor/fruitcake/laravel-cors/src/HandleCors.php(31): Illuminate\\Pipeline\\Pipeline->Illuminate\\Pipeline\\{closure}(Object(Illuminate\\Http\\Request))
#11 /Users/raymond/Documents/my-works/ray-wallet-api/vendor/laravel/framework/src/Illuminate/Pipeline/Pipeline.php(171): Fruitcake\\Cors\\HandleCors->handle(Object(Illuminate\\Http\\Request), Object(Closure))
#12 /Users/raymond/Documents/my-works/ray-wallet-api/vendor/laravel/framework/src/Illuminate/Routing/Middleware/SubstituteBindings.php(41): Illuminate\\Pipeline\\Pipeline->Illuminate\\Pipeline\\{closure}(Object(Illuminate\\Http\\Request))
#13 /Users/raymond/Documents/my-works/ray-wallet-api/vendor/laravel/framework/src/Illuminate/Pipeline/Pipeline.php(171): Illuminate\\Routing\\Middleware\\SubstituteBindings->handle(Object(Illuminate\\Http\\Request), Object(Closure))
#14 /Users/raymond/Documents/my-works/ray-wallet-api/vendor/laravel/framework/src/Illuminate/Routing/Middleware/ThrottleRequests.php(59): Illuminate\\Pipeline\\Pipeline->Illuminate\\Pipeline\\{closure}(Object(Illuminate\\Http\\Request))
#15 /Users/raymond/Documents/my-works/ray-wallet-api/vendor/laravel/framework/src/Illuminate/Pipeline/Pipeline.php(171): Illuminate\\Routing\\Middleware\\ThrottleRequests->handle(Object(Illuminate\\Http\\Request), Object(Closure), 500, '1')
#16 /Users/raymond/Documents/my-works/ray-wallet-api/vendor/laravel/framework/src/Illuminate/Pipeline/Pipeline.php(105): Illuminate\\Pipeline\\Pipeline->Illuminate\\Pipeline\\{closure}(Object(Illuminate\\Http\\Request))
#17 /Users/raymond/Documents/my-works/ray-wallet-api/vendor/laravel/framework/src/Illuminate/Routing/Router.php(683): Illuminate\\Pipeline\\Pipeline->then(Object(Closure))
#18 /Users/raymond/Documents/my-works/ray-wallet-api/vendor/laravel/framework/src/Illuminate/Routing/Router.php(658): Illuminate\\Routing\\Router->runRouteWithinStack(Object(Illuminate\\Routing\\Route), Object(Illuminate\\Http\\Request))
#19 /Users/raymond/Documents/my-works/ray-wallet-api/vendor/laravel/framework/src/Illuminate/Routing/Router.php(624): Illuminate\\Routing\\Router->runRoute(Object(Illuminate\\Http\\Request), Object(Illuminate\\Routing\\Route))
#20 /Users/raymond/Documents/my-works/ray-wallet-api/vendor/laravel/framework/src/Illuminate/Routing/Router.php(613): Illuminate\\Routing\\Router->dispatchToRoute(Object(Illuminate\\Http\\Request))
#21 /Users/raymond/Documents/my-works/ray-wallet-api/vendor/laravel/framework/src/Illuminate/Foundation/Http/Kernel.php(170): Illuminate\\Routing\\Router->dispatch(Object(Illuminate\\Http\\Request))
#22 /Users/raymond/Documents/my-works/ray-wallet-api/vendor/laravel/framework/src/Illuminate/Pipeline/Pipeline.php(130): Illuminate\\Foundation\\Http\\Kernel->Illuminate\\Foundation\\Http\\{closure}(Object(Illuminate\\Http\\Request))
#23 /Users/raymond/Documents/my-works/ray-wallet-api/app/Http/Middleware/Cors.php(11): Illuminate\\Pipeline\\Pipeline->Illuminate\\Pipeline\\{closure}(Object(Illuminate\\Http\\Request))
#24 /Users/raymond/Documents/my-works/ray-wallet-api/vendor/laravel/framework/src/Illuminate/Pipeline/Pipeline.php(171): App\\Http\\Middleware\\Cors->handle(Object(Illuminate\\Http\\Request), Object(Closure))
#25 /Users/raymond/Documents/my-works/ray-wallet-api/vendor/fruitcake/laravel-cors/src/HandleCors.php(31): Illuminate\\Pipeline\\Pipeline->Illuminate\\Pipeline\\{closure}(Object(Illuminate\\Http\\Request))
#26 /Users/raymond/Documents/my-works/ray-wallet-api/vendor/laravel/framework/src/Illuminate/Pipeline/Pipeline.php(171): Fruitcake\\Cors\\HandleCors->handle(Object(Illuminate\\Http\\Request), Object(Closure))
#27 /Users/raymond/Documents/my-works/ray-wallet-api/vendor/laravel/framework/src/Illuminate/Foundation/Http/Middleware/TransformsRequest.php(21): Illuminate\\Pipeline\\Pipeline->Illuminate\\Pipeline\\{closure}(Object(Illuminate\\Http\\Request))
#28 /Users/raymond/Documents/my-works/ray-wallet-api/vendor/laravel/framework/src/Illuminate/Pipeline/Pipeline.php(171): Illuminate\\Foundation\\Http\\Middleware\\TransformsRequest->handle(Object(Illuminate\\Http\\Request), Object(Closure))
#29 /Users/raymond/Documents/my-works/ray-wallet-api/vendor/laravel/framework/src/Illuminate/Foundation/Http/Middleware/TransformsRequest.php(21): Illuminate\\Pipeline\\Pipeline->Illuminate\\Pipeline\\{closure}(Object(Illuminate\\Http\\Request))
#30 /Users/raymond/Documents/my-works/ray-wallet-api/vendor/laravel/framework/src/Illuminate/Pipeline/Pipeline.php(171): Illuminate\\Foundation\\Http\\Middleware\\TransformsRequest->handle(Object(Illuminate\\Http\\Request), Object(Closure))
#31 /Users/raymond/Documents/my-works/ray-wallet-api/vendor/laravel/framework/src/Illuminate/Foundation/Http/Middleware/ValidatePostSize.php(27): Illuminate\\Pipeline\\Pipeline->Illuminate\\Pipeline\\{closure}(Object(Illuminate\\Http\\Request))
#32 /Users/raymond/Documents/my-works/ray-wallet-api/vendor/laravel/framework/src/Illuminate/Pipeline/Pipeline.php(171): Illuminate\\Foundation\\Http\\Middleware\\ValidatePostSize->handle(Object(Illuminate\\Http\\Request), Object(Closure))
#33 /Users/raymond/Documents/my-works/ray-wallet-api/vendor/laravel/framework/src/Illuminate/Foundation/Http/Middleware/CheckForMaintenanceMode.php(63): Illuminate\\Pipeline\\Pipeline->Illuminate\\Pipeline\\{closure}(Object(Illuminate\\Http\\Request))
#34 /Users/raymond/Documents/my-works/ray-wallet-api/vendor/laravel/framework/src/Illuminate/Pipeline/Pipeline.php(171): Illuminate\\Foundation\\Http\\Middleware\\CheckForMaintenanceMode->handle(Object(Illuminate\\Http\\Request), Object(Closure))
#35 /Users/raymond/Documents/my-works/ray-wallet-api/vendor/fideloper/proxy/src/TrustProxies.php(57): Illuminate\\Pipeline\\Pipeline->Illuminate\\Pipeline\\{closure}(Object(Illuminate\\Http\\Request))
#36 /Users/raymond/Documents/my-works/ray-wallet-api/vendor/laravel/framework/src/Illuminate/Pipeline/Pipeline.php(171): Fideloper\\Proxy\\TrustProxies->handle(Object(Illuminate\\Http\\Request), Object(Closure))
#37 /Users/raymond/Documents/my-works/ray-wallet-api/vendor/laravel/framework/src/Illuminate/Pipeline/Pipeline.php(105): Illuminate\\Pipeline\\Pipeline->Illuminate\\Pipeline\\{closure}(Object(Illuminate\\Http\\Request))
#38 /Users/raymond/Documents/my-works/ray-wallet-api/vendor/laravel/framework/src/Illuminate/Foundation/Http/Kernel.php(145): Illuminate\\Pipeline\\Pipeline->then(Object(Closure))
#39 /Users/raymond/Documents/my-works/ray-wallet-api/vendor/laravel/framework/src/Illuminate/Foundation/Http/Kernel.php(110): Illuminate\\Foundation\\Http\\Kernel->sendRequestThroughRouter(Object(Illuminate\\Http\\Request))
#40 /Users/raymond/Documents/my-works/ray-wallet-api/public/index.php(55): Illuminate\\Foundation\\Http\\Kernel->handle(Object(Illuminate\\Http\\Request))
#41 /Users/raymond/.composer/vendor/laravel/valet/server.php(158): require('/Users/raymond/...')
#42 {main}
"} 
[2020-04-13 00:34:15] local.ERROR: Undefined variable: submitPersonalDetails {"exception":"[object] (ErrorException(code: 0): Undefined variable: submitPersonalDetails at /Users/raymond/Documents/my-works/ray-wallet-api/app/Http/Actions/CurriculumAction.php:79)
[stacktrace]
#0 /Users/raymond/Documents/my-works/ray-wallet-api/app/Http/Actions/CurriculumAction.php(79): Illuminate\\Foundation\\Bootstrap\\HandleExceptions->handleError(8, 'Undefined varia...', '/Users/raymond/...', 79, Array)
#1 /Users/raymond/Documents/my-works/ray-wallet-api/app/Http/Controllers/Api/ResumeController.php(30): App\\Http\\Actions\\CurriculumAction->skills(Object(App\\Http\\Requests\\SkillRequest))
#2 [internal function]: App\\Http\\Controllers\\Api\\ResumeController->PostSkills(Object(Illuminate\\Http\\Request))
#3 /Users/raymond/Documents/my-works/ray-wallet-api/vendor/laravel/framework/src/Illuminate/Routing/Controller.php(54): call_user_func_array(Array, Array)
#4 /Users/raymond/Documents/my-works/ray-wallet-api/vendor/laravel/framework/src/Illuminate/Routing/ControllerDispatcher.php(45): Illuminate\\Routing\\Controller->callAction('PostSkills', Array)
#5 /Users/raymond/Documents/my-works/ray-wallet-api/vendor/laravel/framework/src/Illuminate/Routing/Route.php(219): Illuminate\\Routing\\ControllerDispatcher->dispatch(Object(Illuminate\\Routing\\Route), Object(App\\Http\\Controllers\\Api\\ResumeController), 'PostSkills')
#6 /Users/raymond/Documents/my-works/ray-wallet-api/vendor/laravel/framework/src/Illuminate/Routing/Route.php(176): Illuminate\\Routing\\Route->runController()
#7 /Users/raymond/Documents/my-works/ray-wallet-api/vendor/laravel/framework/src/Illuminate/Routing/Router.php(681): Illuminate\\Routing\\Route->run()
#8 /Users/raymond/Documents/my-works/ray-wallet-api/vendor/laravel/framework/src/Illuminate/Pipeline/Pipeline.php(130): Illuminate\\Routing\\Router->Illuminate\\Routing\\{closure}(Object(Illuminate\\Http\\Request))
#9 /Users/raymond/Documents/my-works/ray-wallet-api/app/Http/Middleware/Cors.php(11): Illuminate\\Pipeline\\Pipeline->Illuminate\\Pipeline\\{closure}(Object(Illuminate\\Http\\Request))
#10 /Users/raymond/Documents/my-works/ray-wallet-api/vendor/laravel/framework/src/Illuminate/Pipeline/Pipeline.php(171): App\\Http\\Middleware\\Cors->handle(Object(Illuminate\\Http\\Request), Object(Closure))
#11 /Users/raymond/Documents/my-works/ray-wallet-api/vendor/fruitcake/laravel-cors/src/HandleCors.php(31): Illuminate\\Pipeline\\Pipeline->Illuminate\\Pipeline\\{closure}(Object(Illuminate\\Http\\Request))
#12 /Users/raymond/Documents/my-works/ray-wallet-api/vendor/laravel/framework/src/Illuminate/Pipeline/Pipeline.php(171): Fruitcake\\Cors\\HandleCors->handle(Object(Illuminate\\Http\\Request), Object(Closure))
#13 /Users/raymond/Documents/my-works/ray-wallet-api/vendor/laravel/framework/src/Illuminate/Routing/Middleware/SubstituteBindings.php(41): Illuminate\\Pipeline\\Pipeline->Illuminate\\Pipeline\\{closure}(Object(Illuminate\\Http\\Request))
#14 /Users/raymond/Documents/my-works/ray-wallet-api/vendor/laravel/framework/src/Illuminate/Pipeline/Pipeline.php(171): Illuminate\\Routing\\Middleware\\SubstituteBindings->handle(Object(Illuminate\\Http\\Request), Object(Closure))
#15 /Users/raymond/Documents/my-works/ray-wallet-api/vendor/laravel/framework/src/Illuminate/Routing/Middleware/ThrottleRequests.php(59): Illuminate\\Pipeline\\Pipeline->Illuminate\\Pipeline\\{closure}(Object(Illuminate\\Http\\Request))
#16 /Users/raymond/Documents/my-works/ray-wallet-api/vendor/laravel/framework/src/Illuminate/Pipeline/Pipeline.php(171): Illuminate\\Routing\\Middleware\\ThrottleRequests->handle(Object(Illuminate\\Http\\Request), Object(Closure), 500, '1')
#17 /Users/raymond/Documents/my-works/ray-wallet-api/vendor/laravel/framework/src/Illuminate/Pipeline/Pipeline.php(105): Illuminate\\Pipeline\\Pipeline->Illuminate\\Pipeline\\{closure}(Object(Illuminate\\Http\\Request))
#18 /Users/raymond/Documents/my-works/ray-wallet-api/vendor/laravel/framework/src/Illuminate/Routing/Router.php(683): Illuminate\\Pipeline\\Pipeline->then(Object(Closure))
#19 /Users/raymond/Documents/my-works/ray-wallet-api/vendor/laravel/framework/src/Illuminate/Routing/Router.php(658): Illuminate\\Routing\\Router->runRouteWithinStack(Object(Illuminate\\Routing\\Route), Object(Illuminate\\Http\\Request))
#20 /Users/raymond/Documents/my-works/ray-wallet-api/vendor/laravel/framework/src/Illuminate/Routing/Router.php(624): Illuminate\\Routing\\Router->runRoute(Object(Illuminate\\Http\\Request), Object(Illuminate\\Routing\\Route))
#21 /Users/raymond/Documents/my-works/ray-wallet-api/vendor/laravel/framework/src/Illuminate/Routing/Router.php(613): Illuminate\\Routing\\Router->dispatchToRoute(Object(Illuminate\\Http\\Request))
#22 /Users/raymond/Documents/my-works/ray-wallet-api/vendor/laravel/framework/src/Illuminate/Foundation/Http/Kernel.php(170): Illuminate\\Routing\\Router->dispatch(Object(Illuminate\\Http\\Request))
#23 /Users/raymond/Documents/my-works/ray-wallet-api/vendor/laravel/framework/src/Illuminate/Pipeline/Pipeline.php(130): Illuminate\\Foundation\\Http\\Kernel->Illuminate\\Foundation\\Http\\{closure}(Object(Illuminate\\Http\\Request))
#24 /Users/raymond/Documents/my-works/ray-wallet-api/app/Http/Middleware/Cors.php(11): Illuminate\\Pipeline\\Pipeline->Illuminate\\Pipeline\\{closure}(Object(Illuminate\\Http\\Request))
#25 /Users/raymond/Documents/my-works/ray-wallet-api/vendor/laravel/framework/src/Illuminate/Pipeline/Pipeline.php(171): App\\Http\\Middleware\\Cors->handle(Object(Illuminate\\Http\\Request), Object(Closure))
#26 /Users/raymond/Documents/my-works/ray-wallet-api/vendor/fruitcake/laravel-cors/src/HandleCors.php(31): Illuminate\\Pipeline\\Pipeline->Illuminate\\Pipeline\\{closure}(Object(Illuminate\\Http\\Request))
#27 /Users/raymond/Documents/my-works/ray-wallet-api/vendor/laravel/framework/src/Illuminate/Pipeline/Pipeline.php(171): Fruitcake\\Cors\\HandleCors->handle(Object(Illuminate\\Http\\Request), Object(Closure))
#28 /Users/raymond/Documents/my-works/ray-wallet-api/vendor/laravel/framework/src/Illuminate/Foundation/Http/Middleware/TransformsRequest.php(21): Illuminate\\Pipeline\\Pipeline->Illuminate\\Pipeline\\{closure}(Object(Illuminate\\Http\\Request))
#29 /Users/raymond/Documents/my-works/ray-wallet-api/vendor/laravel/framework/src/Illuminate/Pipeline/Pipeline.php(171): Illuminate\\Foundation\\Http\\Middleware\\TransformsRequest->handle(Object(Illuminate\\Http\\Request), Object(Closure))
#30 /Users/raymond/Documents/my-works/ray-wallet-api/vendor/laravel/framework/src/Illuminate/Foundation/Http/Middleware/TransformsRequest.php(21): Illuminate\\Pipeline\\Pipeline->Illuminate\\Pipeline\\{closure}(Object(Illuminate\\Http\\Request))
#31 /Users/raymond/Documents/my-works/ray-wallet-api/vendor/laravel/framework/src/Illuminate/Pipeline/Pipeline.php(171): Illuminate\\Foundation\\Http\\Middleware\\TransformsRequest->handle(Object(Illuminate\\Http\\Request), Object(Closure))
#32 /Users/raymond/Documents/my-works/ray-wallet-api/vendor/laravel/framework/src/Illuminate/Foundation/Http/Middleware/ValidatePostSize.php(27): Illuminate\\Pipeline\\Pipeline->Illuminate\\Pipeline\\{closure}(Object(Illuminate\\Http\\Request))
#33 /Users/raymond/Documents/my-works/ray-wallet-api/vendor/laravel/framework/src/Illuminate/Pipeline/Pipeline.php(171): Illuminate\\Foundation\\Http\\Middleware\\ValidatePostSize->handle(Object(Illuminate\\Http\\Request), Object(Closure))
#34 /Users/raymond/Documents/my-works/ray-wallet-api/vendor/laravel/framework/src/Illuminate/Foundation/Http/Middleware/CheckForMaintenanceMode.php(63): Illuminate\\Pipeline\\Pipeline->Illuminate\\Pipeline\\{closure}(Object(Illuminate\\Http\\Request))
#35 /Users/raymond/Documents/my-works/ray-wallet-api/vendor/laravel/framework/src/Illuminate/Pipeline/Pipeline.php(171): Illuminate\\Foundation\\Http\\Middleware\\CheckForMaintenanceMode->handle(Object(Illuminate\\Http\\Request), Object(Closure))
#36 /Users/raymond/Documents/my-works/ray-wallet-api/vendor/fideloper/proxy/src/TrustProxies.php(57): Illuminate\\Pipeline\\Pipeline->Illuminate\\Pipeline\\{closure}(Object(Illuminate\\Http\\Request))
#37 /Users/raymond/Documents/my-works/ray-wallet-api/vendor/laravel/framework/src/Illuminate/Pipeline/Pipeline.php(171): Fideloper\\Proxy\\TrustProxies->handle(Object(Illuminate\\Http\\Request), Object(Closure))
#38 /Users/raymond/Documents/my-works/ray-wallet-api/vendor/laravel/framework/src/Illuminate/Pipeline/Pipeline.php(105): Illuminate\\Pipeline\\Pipeline->Illuminate\\Pipeline\\{closure}(Object(Illuminate\\Http\\Request))
#39 /Users/raymond/Documents/my-works/ray-wallet-api/vendor/laravel/framework/src/Illuminate/Foundation/Http/Kernel.php(145): Illuminate\\Pipeline\\Pipeline->then(Object(Closure))
#40 /Users/raymond/Documents/my-works/ray-wallet-api/vendor/laravel/framework/src/Illuminate/Foundation/Http/Kernel.php(110): Illuminate\\Foundation\\Http\\Kernel->sendRequestThroughRouter(Object(Illuminate\\Http\\Request))
#41 /Users/raymond/Documents/my-works/ray-wallet-api/public/index.php(55): Illuminate\\Foundation\\Http\\Kernel->handle(Object(Illuminate\\Http\\Request))
#42 /Users/raymond/.composer/vendor/laravel/valet/server.php(158): require('/Users/raymond/...')
#43 {main}
"} 
